<?xml version="1.0" encoding="UTF-8"?>
<!-- Generated by org.testng.reporters.JUnitXMLReporter -->
<testsuite ignored="0" hostname="NguyenNguyen" failures="0" tests="3" name="Default test" time="4.398" errors="0" timestamp="2023-11-14T20:04:38 ICT">
  <testcase classname="wikipages.NoiDungThaoLuanChungTest" name="kiemTraChuyenNgonNgu" time="0.712"/>
  <testcase classname="wikipages.NoiDungThaoLuanChungTest" name="kiemTraNoiDungTrangThaoLuanChung" time="0.466"/>
  <testcase classname="wikipages.NoiDungThaoLuanChungTest" name="kiemTraXemLichSu" time="1.083"/>
</testsuite> <!-- Default test -->
