<?xml version="1.0" encoding="UTF-8"?>
<testng-results ignored="0" total="3" passed="3" failed="0" skipped="0">
  <reporter-output>
  </reporter-output>
  <suite started-at="2023-11-14T20:04:33 ICT" name="Default suite" finished-at="2023-11-14T20:04:38 ICT" duration-ms="4398">
    <groups>
    </groups>
    <test started-at="2023-11-14T20:04:33 ICT" name="Default test" finished-at="2023-11-14T20:04:38 ICT" duration-ms="4398">
      <class name="wikipages.NoiDungThaoLuanChungTest">
        <test-method is-config="true" signature="launchBrowser()[pri:0, instance:wikipages.NoiDungThaoLuanChungTest@43195e57]" started-at="2023-11-14T20:04:33 ICT" name="launchBrowser" finished-at="2023-11-14T20:04:35 ICT" duration-ms="1985" status="PASS">
          <reporter-output>
          </reporter-output>
        </test-method> <!-- launchBrowser -->
        <test-method signature="kiemTraChuyenNgonNgu()[pri:0, instance:wikipages.NoiDungThaoLuanChungTest@43195e57]" started-at="2023-11-14T20:04:35 ICT" name="kiemTraChuyenNgonNgu" finished-at="2023-11-14T20:04:36 ICT" duration-ms="712" status="PASS">
          <reporter-output>
          </reporter-output>
        </test-method> <!-- kiemTraChuyenNgonNgu -->
        <test-method signature="kiemTraNoiDungTrangThaoLuanChung()[pri:0, instance:wikipages.NoiDungThaoLuanChungTest@43195e57]" started-at="2023-11-14T20:04:36 ICT" name="kiemTraNoiDungTrangThaoLuanChung" finished-at="2023-11-14T20:04:37 ICT" duration-ms="466" status="PASS">
          <reporter-output>
          </reporter-output>
        </test-method> <!-- kiemTraNoiDungTrangThaoLuanChung -->
        <test-method signature="kiemTraXemLichSu()[pri:0, instance:wikipages.NoiDungThaoLuanChungTest@43195e57]" started-at="2023-11-14T20:04:37 ICT" name="kiemTraXemLichSu" finished-at="2023-11-14T20:04:38 ICT" duration-ms="1083" status="PASS">
          <reporter-output>
          </reporter-output>
        </test-method> <!-- kiemTraXemLichSu -->
        <test-method is-config="true" signature="terminateBrowser()[pri:0, instance:wikipages.NoiDungThaoLuanChungTest@43195e57]" started-at="2023-11-14T20:04:38 ICT" name="terminateBrowser" finished-at="2023-11-14T20:04:38 ICT" duration-ms="116" status="PASS">
          <reporter-output>
          </reporter-output>
        </test-method> <!-- terminateBrowser -->
      </class> <!-- wikipages.NoiDungThaoLuanChungTest -->
    </test> <!-- Default test -->
  </suite> <!-- Default suite -->
</testng-results>
